[debug] [2020-08-18T18:15:21.975Z] ----------------------------------------------------------------------
[debug] [2020-08-18T18:15:21.977Z] Command:       /usr/local/bin/node /usr/local/bin/firebase init
[debug] [2020-08-18T18:15:21.977Z] CLI Version:   8.7.0
[debug] [2020-08-18T18:15:21.977Z] Platform:      darwin
[debug] [2020-08-18T18:15:21.977Z] Node Version:  v12.18.3
[debug] [2020-08-18T18:15:21.978Z] Time:          Tue Aug 18 2020 14:15:21 GMT-0400 (Eastern Daylight Time)
[debug] [2020-08-18T18:15:21.978Z] ----------------------------------------------------------------------
[debug] [2020-08-18T18:15:21.978Z] 
[debug] [2020-08-18T18:15:21.990Z] > command requires scopes: ["email","openid","https://www.googleapis.com/auth/cloudplatformprojects.readonly","https://www.googleapis.com/auth/firebase","https://www.googleapis.com/auth/cloud-platform"]
[debug] [2020-08-18T18:15:21.991Z] > authorizing via signed-in user
[info] 
     ######## #### ########  ######## ########     ###     ######  ########
     ##        ##  ##     ## ##       ##     ##  ##   ##  ##       ##
     ######    ##  ########  ######   ########  #########  ######  ######
     ##        ##  ##    ##  ##       ##     ## ##     ##       ## ##
     ##       #### ##     ## ######## ########  ##     ##  ######  ########

You're about to initialize a Firebase project in this directory:

  /Users/wairimu/Desktop/team-sparrow

Before we get started, keep in mind:

  * You are initializing in an existing Firebase project directory

[info] 
=== Project Setup
[info] 
[info] First, let's associate this project directory with a Firebase project.
[info] You can create multiple project aliases by running firebase use --add, 
[info] but for now we'll just set up a default project.
[info] 
[info] i  .firebaserc already has a default project, using twivia. 
[debug] [2020-08-18T18:15:36.315Z] >>> HTTP REQUEST GET https://firebase.googleapis.com/v1beta1/projects/twivia  
 
[debug] [2020-08-18T18:15:36.551Z] <<< HTTP RESPONSE 403 {"vary":"X-Origin, Referer, Origin,Accept-Encoding","content-type":"application/json; charset=UTF-8","date":"Tue, 18 Aug 2020 18:15:36 GMT","server":"ESF","cache-control":"private","x-xss-protection":"0","x-frame-options":"SAMEORIGIN","x-content-type-options":"nosniff","alt-svc":"h3-29=\":443\"; ma=2592000,h3-27=\":443\"; ma=2592000,h3-T050=\":443\"; ma=2592000,h3-Q050=\":443\"; ma=2592000,h3-Q046=\":443\"; ma=2592000,h3-Q043=\":443\"; ma=2592000,quic=\":443\"; ma=2592000; v=\"46,43\"","accept-ranges":"none","transfer-encoding":"chunked"}
[debug] [2020-08-18T18:15:36.551Z] <<< HTTP RESPONSE BODY {"error":{"code":403,"message":"The caller does not have permission","status":"PERMISSION_DENIED"}}
[debug] [2020-08-18T18:15:36.553Z] HTTP Error: 403, The caller does not have permission
[debug] [2020-08-18T18:15:36.629Z] FirebaseError: HTTP Error: 403, The caller does not have permission
    at module.exports (/usr/local/lib/node_modules/firebase-tools/lib/responseToError.js:38:12)
    at Request._callback (/usr/local/lib/node_modules/firebase-tools/lib/api.js:41:35)
    at Request.self.callback (/usr/local/lib/node_modules/firebase-tools/node_modules/request/request.js:185:22)
    at Request.emit (events.js:315:20)
    at Request.EventEmitter.emit (domain.js:483:12)
    at Request.<anonymous> (/usr/local/lib/node_modules/firebase-tools/node_modules/request/request.js:1154:10)
    at Request.emit (events.js:315:20)
    at Request.EventEmitter.emit (domain.js:483:12)
    at IncomingMessage.<anonymous> (/usr/local/lib/node_modules/firebase-tools/node_modules/request/request.js:1076:12)
    at Object.onceWrapper (events.js:421:28)
    at IncomingMessage.emit (events.js:327:22)
    at IncomingMessage.EventEmitter.emit (domain.js:483:12)
    at endReadableNT (_stream_readable.js:1220:12)
    at processTicksAndRejections (internal/process/task_queues.js:84:21)
[error] 
[error] Error: Failed to get Firebase project twivia. Please make sure the project exists and your account has permission to access it.
[debug] [2020-08-18T18:16:36.738Z] ----------------------------------------------------------------------
[debug] [2020-08-18T18:16:36.739Z] Command:       /usr/local/bin/node /usr/local/bin/firebase use --add
[debug] [2020-08-18T18:16:36.740Z] CLI Version:   8.7.0
[debug] [2020-08-18T18:16:36.740Z] Platform:      darwin
[debug] [2020-08-18T18:16:36.740Z] Node Version:  v12.18.3
[debug] [2020-08-18T18:16:36.748Z] Time:          Tue Aug 18 2020 14:16:36 GMT-0400 (Eastern Daylight Time)
[debug] [2020-08-18T18:16:36.748Z] ----------------------------------------------------------------------
[debug] [2020-08-18T18:16:36.748Z] 
[debug] [2020-08-18T18:16:36.761Z] > command requires scopes: ["email","openid","https://www.googleapis.com/auth/cloudplatformprojects.readonly","https://www.googleapis.com/auth/firebase","https://www.googleapis.com/auth/cloud-platform"]
[debug] [2020-08-18T18:16:36.762Z] > authorizing via signed-in user
[debug] [2020-08-18T18:16:36.767Z] >>> HTTP REQUEST GET https://firebase.googleapis.com/v1beta1/projects?pageSize=1000  
 
[debug] [2020-08-18T18:16:37.030Z] <<< HTTP RESPONSE 200 {"content-type":"application/json; charset=UTF-8","vary":"X-Origin, Referer, Origin,Accept-Encoding","date":"Tue, 18 Aug 2020 18:16:37 GMT","server":"ESF","cache-control":"private","x-xss-protection":"0","x-frame-options":"SAMEORIGIN","x-content-type-options":"nosniff","alt-svc":"h3-29=\":443\"; ma=2592000,h3-27=\":443\"; ma=2592000,h3-T050=\":443\"; ma=2592000,h3-Q050=\":443\"; ma=2592000,h3-Q046=\":443\"; ma=2592000,h3-Q043=\":443\"; ma=2592000,quic=\":443\"; ma=2592000; v=\"46,43\"","accept-ranges":"none","transfer-encoding":"chunked"}
[debug] [2020-08-19T01:02:15.941Z] Error: read EIO
    at TTY.onStreamRead (internal/stream_base_commons.js:205:27)
